<?xml version="1.0" encoding="UTF-8"?>
<testsuite name="com.moodanalyser.MoodAnalyserTest" tests="1" skipped="0" failures="0" errors="0" timestamp="2020-06-24T20:57:59" hostname="LAPTOP-GT6OG951" time="0.001">
  <properties/>
  <testcase name="givenMoodAnalyserClass_WhenWrongClassName_shouldReturnObject" classname="com.moodanalyser.MoodAnalyserTest" time="0.001"/>
  <system-out><![CDATA[]]></system-out>
  <system-err><![CDATA[]]></system-err>
</testsuite>
