<?xml version="1.0" encoding="UTF-8"?>
<testsuite name="com.moodanalyser.MoodAnalyserTest" tests="1" skipped="0" failures="0" errors="0" timestamp="2020-06-24T14:13:14" hostname="LAPTOP-GT6OG951" time="0.002">
  <properties/>
  <testcase name="givenMoodAnalyser_WhenProper_shouldReturnObject" classname="com.moodanalyser.MoodAnalyserTest" time="0.002"/>
  <system-out><![CDATA[]]></system-out>
  <system-err><![CDATA[]]></system-err>
</testsuite>
