<?xml version="1.0" encoding="UTF-8"?>
<testsuite name="com.moodanalyser.MoodAnalyserTest" tests="3" skipped="0" failures="0" errors="0" timestamp="2020-06-19T17:56:28" hostname="LAPTOP-GT6OG951" time="0.002">
  <properties/>
  <testcase name="giveMassage_WhenSad_ShouldReturnSad" classname="com.moodanalyser.MoodAnalyserTest" time="0.001"/>
  <testcase name="givenMassage_WhenHappy_ShouldReturnHappy" classname="com.moodanalyser.MoodAnalyserTest" time="0.0"/>
  <testcase name="givenMassage_WhenNull_ShouldReturnHappy" classname="com.moodanalyser.MoodAnalyserTest" time="0.0"/>
  <system-out><![CDATA[]]></system-out>
  <system-err><![CDATA[]]></system-err>
</testsuite>
